2024-06-15T08:16:56  feat(io): lower memory on big inputs
2024-06-22T15:33:03  docs(deps): add a JSON schema for output
2024-07-18T10:50:10  test(scoring): memoize repeated lookups
2024-07-27T17:07:17  refactor: I have altered the code. pray I don't alter it further
2024-08-22T12:24:24  fix(tests): load rules lazily for faster startup
2024-09-18T19:41:31  docs(detect): fix off-by-one in line numbers
2024-09-25T14:58:38  test(cli): reduce false positives on edge cases
2024-10-21T09:15:45  ci(output): add a regression fixture
2024-10-30T16:32:52  style: formatting (we chose violence on tabs vs spaces)
2024-11-25T11:49:59  refactor(fixtures): support stdin as a source
2024-12-04T18:06:06  test(io): document the config keys
2024-12-30T13:23:13  build(deps): pin the test dependencies
2025-01-24T08:40:20  fix(scoring): respect .gitignore when walking
2025-02-02T15:57:27  chore: tip of the hat to Thinkst, Bellingcat, and SigmaHQ
2025-02-28T10:14:34  test(tests): make timestamps timezone-aware
2025-03-09T17:31:41  build(detect): add color + severity icons
2025-04-04T12:48:48  chore(cli): add a dry-run flag
2025-04-12T19:05:55  refactor(output): stream large files without buffering
2025-05-08T14:22:02  feat: PROMETHEUS unbound
2025-05-16T09:39:09  build(fixtures): trim whitespace in parsed fields
2025-06-12T16:56:16  chore(io): normalize unicode before matching
2025-07-08T11:13:23  refactor(deps): assert exit codes in tests
